<?xml version="1.0" encoding="UTF-8"?>
<Site BuildName="Linux-g++"
	BuildStamp="20240224-1856-Experimental"
	Name="chteholbon"
	Generator="ctest-3.28.1"
	CompilerName="/usr/bin/g++"
	CompilerVersion="13.2.1"
	OSName="Linux"
	Hostname="chteholbon"
	OSRelease="6.7.4-1-default"
	OSVersion="#1 SMP PREEMPT_DYNAMIC Tue Feb  6 05:32:37 UTC 2024 (01735a3)"
	OSPlatform="x86_64"
	Is64Bits="1"
	VendorString="GenuineIntel"
	VendorID="Intel Corporation"
	FamilyID="6"
	ModelID="15"
	ProcessorCacheSize="4096"
	NumberOfLogicalCPU="2"
	NumberOfPhysicalCPU="2"
	TotalVirtualMemory="8191"
	TotalPhysicalMemory="2976"
	LogicalProcessorsPerPhysical="1"
	ProcessorClockFrequency="2671.32"
	>
	<Testing>
		<StartDateTime>Feb 25 03:58 +09</StartDateTime>
		<StartTestTime>1708801098</StartTestTime>
		<TestList/>
		<EndDateTime>Feb 25 03:58 +09</EndDateTime>
		<EndTestTime>1708801098</EndTestTime>
		<ElapsedMinutes>0</ElapsedMinutes>
	</Testing>
</Site>
